2020/03/17 13:12:50 [warning] [application] Error al establecer unsafe al atributo "FCCU_Serial" de "Fcco".
in /home/www/kingdeportes/public_html/hefestos/protected/controllers/FccoController.php (295)
in /home/www/kingdeportes/public_html/hefestos/protected/modules/cruge/components/CrugeAccessControlFilter.php (90)
in /home/www/kingdeportes/public_html/hefestos/index.php (13)
2020/03/17 13:12:52 [error] [exception.CHttpException.404] exception 'CHttpException' with message 'No es posible resolver la solicitud "themes/flat/img/firma.png"' in /home/www/kingdeportes/public_html/yii/framework/web/CWebApplication.php:286
Stack trace:
#0 /home/www/kingdeportes/public_html/yii/framework/web/CWebApplication.php(141): CWebApplication->runController('themes/flat/img...')
#1 /home/www/kingdeportes/public_html/yii/framework/base/CApplication.php(185): CWebApplication->processRequest()
#2 /home/www/kingdeportes/public_html/hefestos/index.php(13): CApplication->run()
#3 {main}
REQUEST_URI=/hefestos/themes/flat/img/firma.png
HTTP_REFERER=https://kingdeportes.com/hefestos/fcco/32076.html?tipo=1
---
2020/03/17 13:13:29 [error] [exception.CHttpException.404] exception 'CHttpException' with message 'No es posible resolver la solicitud "themes/flat/img/firma.png"' in /home/www/kingdeportes/public_html/yii/framework/web/CWebApplication.php:286
Stack trace:
#0 /home/www/kingdeportes/public_html/yii/framework/web/CWebApplication.php(141): CWebApplication->runController('themes/flat/img...')
#1 /home/www/kingdeportes/public_html/yii/framework/base/CApplication.php(185): CWebApplication->processRequest()
#2 /home/www/kingdeportes/public_html/hefestos/index.php(13): CApplication->run()
#3 {main}
REQUEST_URI=/hefestos/themes/flat/img/firma.png
HTTP_REFERER=https://kingdeportes.com/hefestos/fccu/15774.html
---
2020/03/17 13:13:46 [error] [exception.CHttpException.404] exception 'CHttpException' with message 'No es posible resolver la solicitud "themes/flat/img/firma.png"' in /home/www/kingdeportes/public_html/yii/framework/web/CWebApplication.php:286
Stack trace:
#0 /home/www/kingdeportes/public_html/yii/framework/web/CWebApplication.php(141): CWebApplication->runController('themes/flat/img...')
#1 /home/www/kingdeportes/public_html/yii/framework/base/CApplication.php(185): CWebApplication->processRequest()
#2 /home/www/kingdeportes/public_html/hefestos/index.php(13): CApplication->run()
#3 {main}
REQUEST_URI=/hefestos/themes/flat/img/firma.png
HTTP_REFERER=https://kingdeportes.com/hefestos/fccu/15774.html
---
2020/03/17 13:14:14 [warning] [application] Error al establecer unsafe al atributo "FCCU_Serial" de "Fcco".
in /home/www/kingdeportes/public_html/hefestos/protected/controllers/FccoController.php (295)
in /home/www/kingdeportes/public_html/hefestos/protected/modules/cruge/components/CrugeAccessControlFilter.php (90)
in /home/www/kingdeportes/public_html/hefestos/index.php (13)
2020/03/17 13:14:15 [error] [exception.CHttpException.404] exception 'CHttpException' with message 'No es posible resolver la solicitud "themes/flat/img/firma.png"' in /home/www/kingdeportes/public_html/yii/framework/web/CWebApplication.php:286
Stack trace:
#0 /home/www/kingdeportes/public_html/yii/framework/web/CWebApplication.php(141): CWebApplication->runController('themes/flat/img...')
#1 /home/www/kingdeportes/public_html/yii/framework/base/CApplication.php(185): CWebApplication->processRequest()
#2 /home/www/kingdeportes/public_html/hefestos/index.php(13): CApplication->run()
#3 {main}
REQUEST_URI=/hefestos/themes/flat/img/firma.png
HTTP_REFERER=https://kingdeportes.com/hefestos/fcco/32078.html?tipo=1
---
2020/03/17 14:44:26 [error] [exception.CHttpException.404] exception 'CHttpException' with message 'El sistema no ha podido encontrar la acción "img" solicitada.' in /home/www/kingdeportes/public_html/yii/framework/web/CController.php:483
Stack trace:
#0 /home/www/kingdeportes/public_html/yii/framework/web/CController.php(270): CController->missingAction('img')
#1 /home/www/kingdeportes/public_html/yii/framework/web/CWebApplication.php(282): CController->run('img')
#2 /home/www/kingdeportes/public_html/yii/framework/web/CWebApplication.php(141): CWebApplication->runController('cruge/ui/img/lo...')
#3 /home/www/kingdeportes/public_html/yii/framework/base/CApplication.php(185): CWebApplication->processRequest()
#4 /home/www/kingdeportes/public_html/hefestos/index.php(13): CApplication->run()
#5 {main}
REQUEST_URI=/hefestos/cruge/ui/img/logo-big.png
HTTP_REFERER=https://kingdeportes.com/hefestos/cruge/ui/usermanagementadmin.html
---
2020/03/18 08:00:09 [warning] [application] Error al establecer unsafe al atributo "FCCU_Serial" de "Fcco".
in /home/www/kingdeportes/public_html/hefestos/protected/controllers/FccoController.php (295)
in /home/www/kingdeportes/public_html/hefestos/protected/modules/cruge/components/CrugeAccessControlFilter.php (90)
in /home/www/kingdeportes/public_html/hefestos/index.php (13)
2020/03/18 08:00:09 [error] [exception.CHttpException.404] exception 'CHttpException' with message 'No es posible resolver la solicitud "themes/flat/img/firma.png"' in /home/www/kingdeportes/public_html/yii/framework/web/CWebApplication.php:286
Stack trace:
#0 /home/www/kingdeportes/public_html/yii/framework/web/CWebApplication.php(141): CWebApplication->runController('themes/flat/img...')
#1 /home/www/kingdeportes/public_html/yii/framework/base/CApplication.php(185): CWebApplication->processRequest()
#2 /home/www/kingdeportes/public_html/hefestos/index.php(13): CApplication->run()
#3 {main}
REQUEST_URI=/hefestos/themes/flat/img/firma.png
HTTP_REFERER=https://kingdeportes.com/hefestos/fcco/32081.html?tipo=1
---
2020/03/18 09:00:53 [warning] [application] Error al establecer unsafe al atributo "FCCU_Serial" de "Fcco".
in /home/www/kingdeportes/public_html/hefestos/protected/controllers/FccoController.php (295)
in /home/www/kingdeportes/public_html/hefestos/protected/modules/cruge/components/CrugeAccessControlFilter.php (90)
in /home/www/kingdeportes/public_html/hefestos/index.php (13)
2020/03/18 09:00:54 [error] [exception.CHttpException.404] exception 'CHttpException' with message 'No es posible resolver la solicitud "themes/flat/img/firma.png"' in /home/www/kingdeportes/public_html/yii/framework/web/CWebApplication.php:286
Stack trace:
#0 /home/www/kingdeportes/public_html/yii/framework/web/CWebApplication.php(141): CWebApplication->runController('themes/flat/img...')
#1 /home/www/kingdeportes/public_html/yii/framework/base/CApplication.php(185): CWebApplication->processRequest()
#2 /home/www/kingdeportes/public_html/hefestos/index.php(13): CApplication->run()
#3 {main}
REQUEST_URI=/hefestos/themes/flat/img/firma.png
HTTP_REFERER=https://kingdeportes.com/hefestos/fcco/32083.html?tipo=1
---
2020/03/18 10:48:53 [warning] [application] Error al establecer unsafe al atributo "FCCU_Timestamp" de "Fccu".
in /home/www/kingdeportes/public_html/hefestos/protected/controllers/FccuController.php (174)
in /home/www/kingdeportes/public_html/hefestos/protected/modules/cruge/components/CrugeAccessControlFilter.php (90)
in /home/www/kingdeportes/public_html/hefestos/index.php (13)
2020/03/18 10:57:57 [warning] [application] Error al establecer unsafe al atributo "FCCU_Serial" de "Fcco".
in /home/www/kingdeportes/public_html/hefestos/protected/controllers/FccoController.php (295)
in /home/www/kingdeportes/public_html/hefestos/protected/modules/cruge/components/CrugeAccessControlFilter.php (90)
in /home/www/kingdeportes/public_html/hefestos/index.php (13)
2020/03/18 10:57:57 [warning] [application] Error al establecer unsafe al atributo "FCCU_Serial" de "Fcco".
in /home/www/kingdeportes/public_html/hefestos/protected/controllers/FccoController.php (295)
in /home/www/kingdeportes/public_html/hefestos/protected/modules/cruge/components/CrugeAccessControlFilter.php (90)
in /home/www/kingdeportes/public_html/hefestos/index.php (13)
2020/03/18 10:57:57 [warning] [application] Error al establecer unsafe al atributo "FCCU_Serial" de "Fcco".
in /home/www/kingdeportes/public_html/hefestos/protected/controllers/FccoController.php (295)
in /home/www/kingdeportes/public_html/hefestos/protected/modules/cruge/components/CrugeAccessControlFilter.php (90)
in /home/www/kingdeportes/public_html/hefestos/index.php (13)
2020/03/18 10:57:57 [warning] [application] Error al establecer unsafe al atributo "FCCU_Serial" de "Fcco".
in /home/www/kingdeportes/public_html/hefestos/protected/controllers/FccoController.php (295)
in /home/www/kingdeportes/public_html/hefestos/protected/modules/cruge/components/CrugeAccessControlFilter.php (90)
in /home/www/kingdeportes/public_html/hefestos/index.php (13)
2020/03/18 10:57:58 [error] [exception.CHttpException.404] exception 'CHttpException' with message 'No es posible resolver la solicitud "themes/flat/img/firma.png"' in /home/www/kingdeportes/public_html/yii/framework/web/CWebApplication.php:286
Stack trace:
#0 /home/www/kingdeportes/public_html/yii/framework/web/CWebApplication.php(141): CWebApplication->runController('themes/flat/img...')
#1 /home/www/kingdeportes/public_html/yii/framework/base/CApplication.php(185): CWebApplication->processRequest()
#2 /home/www/kingdeportes/public_html/hefestos/index.php(13): CApplication->run()
#3 {main}
REQUEST_URI=/hefestos/themes/flat/img/firma.png
HTTP_REFERER=https://kingdeportes.com/hefestos/fcco/32084.html?tipo=1
---
2020/03/18 12:42:44 [warning] [application] Error al establecer unsafe al atributo "FCCU_Timestamp" de "Fccu".
in /home/www/kingdeportes/public_html/hefestos/protected/controllers/FccuController.php (174)
in /home/www/kingdeportes/public_html/hefestos/protected/modules/cruge/components/CrugeAccessControlFilter.php (90)
in /home/www/kingdeportes/public_html/hefestos/index.php (13)
2020/03/18 15:11:10 [error] [exception.CrugeException.401] action_fccu_admin<br/>401
REQUEST_URI=/hefestos/fccu/admin.html
HTTP_REFERER=https://kingdeportes.com/hefestos/fccu/215.html
---
2020/03/19 08:10:36 [error] [application] UiController
CrugeUser->validate es false
<div class="errorSummary"><p>Por favor corrija los siguientes errores de ingreso:</p>
<ul>
<li>clave invalida</li>
</ul></div>
in /home/www/kingdeportes/public_html/hefestos/protected/modules/cruge/controllers/UiController.php (165)
in /home/www/kingdeportes/public_html/hefestos/index.php (13)
2020/03/19 08:14:09 [warning] [application] Error al establecer unsafe al atributo "FCCU_Timestamp" de "Fccu".
in /home/www/kingdeportes/public_html/hefestos/protected/controllers/FccuController.php (174)
in /home/www/kingdeportes/public_html/hefestos/protected/modules/cruge/components/CrugeAccessControlFilter.php (90)
in /home/www/kingdeportes/public_html/hefestos/index.php (13)
2020/03/19 08:14:38 [warning] [application] Error al establecer unsafe al atributo "FCCU_Timestamp" de "Fccu".
in /home/www/kingdeportes/public_html/hefestos/protected/controllers/FccuController.php (174)
in /home/www/kingdeportes/public_html/hefestos/protected/modules/cruge/components/CrugeAccessControlFilter.php (90)
in /home/www/kingdeportes/public_html/hefestos/index.php (13)
2020/03/19 08:20:52 [warning] [application] Error al establecer unsafe al atributo "FCCU_Serial" de "Fcco".
in /home/www/kingdeportes/public_html/hefestos/protected/controllers/FccoController.php (295)
in /home/www/kingdeportes/public_html/hefestos/protected/modules/cruge/components/CrugeAccessControlFilter.php (90)
in /home/www/kingdeportes/public_html/hefestos/index.php (13)
2020/03/19 08:20:52 [warning] [application] Error al establecer unsafe al atributo "FCCU_Serial" de "Fcco".
in /home/www/kingdeportes/public_html/hefestos/protected/controllers/FccoController.php (295)
in /home/www/kingdeportes/public_html/hefestos/protected/modules/cruge/components/CrugeAccessControlFilter.php (90)
in /home/www/kingdeportes/public_html/hefestos/index.php (13)
2020/03/19 08:20:52 [warning] [application] Error al establecer unsafe al atributo "FCCU_Serial" de "Fcco".
in /home/www/kingdeportes/public_html/hefestos/protected/controllers/FccoController.php (295)
in /home/www/kingdeportes/public_html/hefestos/protected/modules/cruge/components/CrugeAccessControlFilter.php (90)
in /home/www/kingdeportes/public_html/hefestos/index.php (13)
2020/03/19 08:20:52 [warning] [application] Error al establecer unsafe al atributo "FCCU_Serial" de "Fcco".
in /home/www/kingdeportes/public_html/hefestos/protected/controllers/FccoController.php (295)
in /home/www/kingdeportes/public_html/hefestos/protected/modules/cruge/components/CrugeAccessControlFilter.php (90)
in /home/www/kingdeportes/public_html/hefestos/index.php (13)
2020/03/19 08:20:52 [warning] [application] Error al establecer unsafe al atributo "FCCU_Serial" de "Fcco".
in /home/www/kingdeportes/public_html/hefestos/protected/controllers/FccoController.php (295)
in /home/www/kingdeportes/public_html/hefestos/protected/modules/cruge/components/CrugeAccessControlFilter.php (90)
in /home/www/kingdeportes/public_html/hefestos/index.php (13)
2020/03/19 08:20:52 [warning] [application] Error al establecer unsafe al atributo "FCCU_Serial" de "Fcco".
in /home/www/kingdeportes/public_html/hefestos/protected/controllers/FccoController.php (295)
in /home/www/kingdeportes/public_html/hefestos/protected/modules/cruge/components/CrugeAccessControlFilter.php (90)
in /home/www/kingdeportes/public_html/hefestos/index.php (13)
2020/03/19 08:20:52 [warning] [application] Error al establecer unsafe al atributo "FCCU_Serial" de "Fcco".
in /home/www/kingdeportes/public_html/hefestos/protected/controllers/FccoController.php (295)
in /home/www/kingdeportes/public_html/hefestos/protected/modules/cruge/components/CrugeAccessControlFilter.php (90)
in /home/www/kingdeportes/public_html/hefestos/index.php (13)
2020/03/19 08:20:52 [warning] [application] Error al establecer unsafe al atributo "FCCU_Serial" de "Fcco".
in /home/www/kingdeportes/public_html/hefestos/protected/controllers/FccoController.php (295)
in /home/www/kingdeportes/public_html/hefestos/protected/modules/cruge/components/CrugeAccessControlFilter.php (90)
in /home/www/kingdeportes/public_html/hefestos/index.php (13)
2020/03/19 08:20:52 [warning] [application] Error al establecer unsafe al atributo "FCCU_Serial" de "Fcco".
in /home/www/kingdeportes/public_html/hefestos/protected/controllers/FccoController.php (295)
in /home/www/kingdeportes/public_html/hefestos/protected/modules/cruge/components/CrugeAccessControlFilter.php (90)
in /home/www/kingdeportes/public_html/hefestos/index.php (13)
2020/03/19 08:20:52 [warning] [application] Error al establecer unsafe al atributo "FCCU_Serial" de "Fcco".
in /home/www/kingdeportes/public_html/hefestos/protected/controllers/FccoController.php (295)
in /home/www/kingdeportes/public_html/hefestos/protected/modules/cruge/components/CrugeAccessControlFilter.php (90)
in /home/www/kingdeportes/public_html/hefestos/index.php (13)
2020/03/19 08:20:52 [warning] [application] Error al establecer unsafe al atributo "FCCU_Serial" de "Fcco".
in /home/www/kingdeportes/public_html/hefestos/protected/controllers/FccoController.php (295)
in /home/www/kingdeportes/public_html/hefestos/protected/modules/cruge/components/CrugeAccessControlFilter.php (90)
in /home/www/kingdeportes/public_html/hefestos/index.php (13)
2020/03/19 08:20:52 [warning] [application] Error al establecer unsafe al atributo "FCCU_Serial" de "Fcco".
in /home/www/kingdeportes/public_html/hefestos/protected/controllers/FccoController.php (295)
in /home/www/kingdeportes/public_html/hefestos/protected/modules/cruge/components/CrugeAccessControlFilter.php (90)
in /home/www/kingdeportes/public_html/hefestos/index.php (13)
2020/03/19 08:20:52 [warning] [application] Error al establecer unsafe al atributo "FCCU_Serial" de "Fcco".
in /home/www/kingdeportes/public_html/hefestos/protected/controllers/FccoController.php (295)
in /home/www/kingdeportes/public_html/hefestos/protected/modules/cruge/components/CrugeAccessControlFilter.php (90)
in /home/www/kingdeportes/public_html/hefestos/index.php (13)
2020/03/19 08:20:52 [warning] [application] Error al establecer unsafe al atributo "FCCU_Serial" de "Fcco".
in /home/www/kingdeportes/public_html/hefestos/protected/controllers/FccoController.php (295)
in /home/www/kingdeportes/public_html/hefestos/protected/modules/cruge/components/CrugeAccessControlFilter.php (90)
in /home/www/kingdeportes/public_html/hefestos/index.php (13)
2020/03/19 08:20:52 [warning] [application] Error al establecer unsafe al atributo "FCCU_Serial" de "Fcco".
in /home/www/kingdeportes/public_html/hefestos/protected/controllers/FccoController.php (295)
in /home/www/kingdeportes/public_html/hefestos/protected/modules/cruge/components/CrugeAccessControlFilter.php (90)
in /home/www/kingdeportes/public_html/hefestos/index.php (13)
2020/03/19 08:20:52 [warning] [application] Error al establecer unsafe al atributo "FCCU_Serial" de "Fcco".
in /home/www/kingdeportes/public_html/hefestos/protected/controllers/FccoController.php (295)
in /home/www/kingdeportes/public_html/hefestos/protected/modules/cruge/components/CrugeAccessControlFilter.php (90)
in /home/www/kingdeportes/public_html/hefestos/index.php (13)
2020/03/19 08:20:52 [warning] [application] Error al establecer unsafe al atributo "FCCU_Serial" de "Fcco".
in /home/www/kingdeportes/public_html/hefestos/protected/controllers/FccoController.php (295)
in /home/www/kingdeportes/public_html/hefestos/protected/modules/cruge/components/CrugeAccessControlFilter.php (90)
in /home/www/kingdeportes/public_html/hefestos/index.php (13)
2020/03/19 08:20:52 [warning] [application] Error al establecer unsafe al atributo "FCCU_Serial" de "Fcco".
in /home/www/kingdeportes/public_html/hefestos/protected/controllers/FccoController.php (295)
in /home/www/kingdeportes/public_html/hefestos/protected/modules/cruge/components/CrugeAccessControlFilter.php (90)
in /home/www/kingdeportes/public_html/hefestos/index.php (13)
2020/03/19 08:20:52 [warning] [application] Error al establecer unsafe al atributo "FCCU_Serial" de "Fcco".
in /home/www/kingdeportes/public_html/hefestos/protected/controllers/FccoController.php (295)
in /home/www/kingdeportes/public_html/hefestos/protected/modules/cruge/components/CrugeAccessControlFilter.php (90)
in /home/www/kingdeportes/public_html/hefestos/index.php (13)
2020/03/19 08:20:52 [warning] [application] Error al establecer unsafe al atributo "FCCU_Serial" de "Fcco".
in /home/www/kingdeportes/public_html/hefestos/protected/controllers/FccoController.php (295)
in /home/www/kingdeportes/public_html/hefestos/protected/modules/cruge/components/CrugeAccessControlFilter.php (90)
in /home/www/kingdeportes/public_html/hefestos/index.php (13)
2020/03/19 08:20:52 [warning] [application] Error al establecer unsafe al atributo "FCCU_Serial" de "Fcco".
in /home/www/kingdeportes/public_html/hefestos/protected/controllers/FccoController.php (295)
in /home/www/kingdeportes/public_html/hefestos/protected/modules/cruge/components/CrugeAccessControlFilter.php (90)
in /home/www/kingdeportes/public_html/hefestos/index.php (13)
2020/03/19 08:20:52 [warning] [application] Error al establecer unsafe al atributo "FCCU_Serial" de "Fcco".
in /home/www/kingdeportes/public_html/hefestos/protected/controllers/FccoController.php (295)
in /home/www/kingdeportes/public_html/hefestos/protected/modules/cruge/components/CrugeAccessControlFilter.php (90)
in /home/www/kingdeportes/public_html/hefestos/index.php (13)
2020/03/19 08:20:52 [warning] [application] Error al establecer unsafe al atributo "FCCU_Serial" de "Fcco".
in /home/www/kingdeportes/public_html/hefestos/protected/controllers/FccoController.php (295)
in /home/www/kingdeportes/public_html/hefestos/protected/modules/cruge/components/CrugeAccessControlFilter.php (90)
in /home/www/kingdeportes/public_html/hefestos/index.php (13)
2020/03/19 08:20:52 [warning] [application] Error al establecer unsafe al atributo "FCCU_Serial" de "Fcco".
in /home/www/kingdeportes/public_html/hefestos/protected/controllers/FccoController.php (295)
in /home/www/kingdeportes/public_html/hefestos/protected/modules/cruge/components/CrugeAccessControlFilter.php (90)
in /home/www/kingdeportes/public_html/hefestos/index.php (13)
2020/03/19 08:20:52 [warning] [application] Error al establecer unsafe al atributo "FCCU_Serial" de "Fcco".
in /home/www/kingdeportes/public_html/hefestos/protected/controllers/FccoController.php (295)
in /home/www/kingdeportes/public_html/hefestos/protected/modules/cruge/components/CrugeAccessControlFilter.php (90)
in /home/www/kingdeportes/public_html/hefestos/index.php (13)
2020/03/19 08:20:52 [warning] [application] Error al establecer unsafe al atributo "FCCU_Serial" de "Fcco".
in /home/www/kingdeportes/public_html/hefestos/protected/controllers/FccoController.php (295)
in /home/www/kingdeportes/public_html/hefestos/protected/modules/cruge/components/CrugeAccessControlFilter.php (90)
in /home/www/kingdeportes/public_html/hefestos/index.php (13)
2020/03/19 08:20:53 [error] [exception.CHttpException.404] exception 'CHttpException' with message 'No es posible resolver la solicitud "themes/flat/img/firma.png"' in /home/www/kingdeportes/public_html/yii/framework/web/CWebApplication.php:286
Stack trace:
#0 /home/www/kingdeportes/public_html/yii/framework/web/CWebApplication.php(141): CWebApplication->runController('themes/flat/img...')
#1 /home/www/kingdeportes/public_html/yii/framework/base/CApplication.php(185): CWebApplication->processRequest()
#2 /home/www/kingdeportes/public_html/hefestos/index.php(13): CApplication->run()
#3 {main}
REQUEST_URI=/hefestos/themes/flat/img/firma.png
HTTP_REFERER=https://kingdeportes.com/hefestos/fcco/32086.html?tipo=1
---
2020/03/19 08:47:11 [warning] [application] Error al establecer unsafe al atributo "FCCU_Timestamp" de "Fccu".
in /home/www/kingdeportes/public_html/hefestos/protected/controllers/FccuController.php (174)
in /home/www/kingdeportes/public_html/hefestos/protected/modules/cruge/components/CrugeAccessControlFilter.php (90)
in /home/www/kingdeportes/public_html/hefestos/index.php (13)
2020/03/19 09:47:11 [warning] [application] Error al establecer unsafe al atributo "FCCU_Timestamp" de "Fccu".
in /home/www/kingdeportes/public_html/hefestos/protected/controllers/FccuController.php (174)
in /home/www/kingdeportes/public_html/hefestos/protected/modules/cruge/components/CrugeAccessControlFilter.php (90)
in /home/www/kingdeportes/public_html/hefestos/index.php (13)
2020/03/19 10:57:33 [error] [exception.CHttpException.404] exception 'CHttpException' with message 'No es posible resolver la solicitud "themes/flat/img/firma.png"' in /home/www/kingdeportes/public_html/yii/framework/web/CWebApplication.php:286
Stack trace:
#0 /home/www/kingdeportes/public_html/yii/framework/web/CWebApplication.php(141): CWebApplication->runController('themes/flat/img...')
#1 /home/www/kingdeportes/public_html/yii/framework/base/CApplication.php(185): CWebApplication->processRequest()
#2 /home/www/kingdeportes/public_html/hefestos/index.php(13): CApplication->run()
#3 {main}
REQUEST_URI=/hefestos/themes/flat/img/firma.png
HTTP_REFERER=https://kingdeportes.com/hefestos/fcco/agencia/1031.html?type=1
---
2020/03/19 11:17:44 [warning] [application] Error al establecer unsafe al atributo "FCCU_Timestamp" de "Fccu".
in /home/www/kingdeportes/public_html/hefestos/protected/controllers/FccuController.php (174)
in /home/www/kingdeportes/public_html/hefestos/protected/modules/cruge/components/CrugeAccessControlFilter.php (90)
in /home/www/kingdeportes/public_html/hefestos/index.php (13)
